<?xml version="1.0" encoding="UTF-8"?>
<!-- Generated by org.testng.reporters.JUnitXMLReporter -->
<testsuite hostname="LAPTOP-4N3NS9MH" ignored="0" name="Surefire test" tests="1" failures="1" timestamp="2022-05-28T10:43:07 IST" time="2.393" errors="0">
  <testcase name="verifyTextAboutThisItem" time="1.001" classname="ApplicationTests.E2ETest">
    <failure type="java.lang.NullPointerException">
      <![CDATA[java.lang.NullPointerException
at CommonUtilities.CommonMethods.launchBrowserAndGetURL(CommonMethods.java:83)
at ApplicationPageClasses.ApplicationLandingPage.accessApplication(ApplicationLandingPage.java:19)
at ApplicationTests.E2ETest.verifyTextAboutThisItem(E2ETest.java:23)
at java.util.ArrayList.forEach(ArrayList.java:1257)
... Removed 31 stack frames]]>
    </failure>
  </testcase> <!-- verifyTextAboutThisItem -->
</testsuite> <!-- Surefire test -->
