-------------------------------------------------------------------------------
Test set: ApplicationTests.E2ETest
-------------------------------------------------------------------------------
Tests run: 1, Failures: 1, Errors: 0, Skipped: 0, Time elapsed: 4.826 s <<< FAILURE! - in ApplicationTests.E2ETest
verifyTextAboutThisItem(ApplicationTests.E2ETest)  Time elapsed: 0.729 s  <<< FAILURE!
java.lang.NullPointerException
	at ApplicationTests.E2ETest.verifyTextAboutThisItem(E2ETest.java:23)

